{"total": {"lines":{"total":40,"covered":24,"skipped":0,"pct":60},"statements":{"total":40,"covered":24,"skipped":0,"pct":60},"functions":{"total":0,"covered":0,"skipped":0,"pct":100},"branches":{"total":2,"covered":1,"skipped":0,"pct":50},"branchesTrue":{"total":0,"covered":0,"skipped":0,"pct":"Unknown"}}
,"/Users/nicholasritson/Documents/hono-app/src/apis/monsters.ts": {"lines":{"total":40,"covered":24,"skipped":0,"pct":60},"functions":{"total":0,"covered":0,"skipped":0,"pct":100},"statements":{"total":40,"covered":24,"skipped":0,"pct":60},"branches":{"total":2,"covered":1,"skipped":0,"pct":50}}
}
